<?xml version="1.0" encoding="UTF-8"?>
<!-- Generated by org.testng.reporters.JUnitReportReporter -->
<testsuite skipped="0" hostname="PD16721" name="TestPlan" tests="3" failures="0" timestamp="2022-03-17T06:16:49 GMT" time="33.780" errors="0">
  <testcase name="navigateToMonitors" time="8.097" classname="TestPlan"/>
  <system-out/>
  <testcase name="userSingUp" time="14.496" classname="TestPlan"/>
  <system-out/>
  <testcase name="userPurchasesNexus" time="11.187" classname="TestPlan"/>
  <system-out/>
</testsuite> <!-- TestPlan -->
