<?xml version="1.0" encoding="UTF-8"?>
<!-- Generated by org.testng.reporters.JUnitReportReporter -->
<testsuite skipped="0" hostname="PD16721" name="TestPlan" tests="5" failures="0" timestamp="2022-04-27T09:10:21 BST" time="31.474" errors="0">
  <testcase name="testDfundsTransfer" time="4.459" classname="TestPlan"/>
  <system-out/>
  <testcase name="testCnewSavingsAccount" time="8.756" classname="TestPlan"/>
  <system-out/>
  <testcase name="testAinvalidRegisterDetails" time="8.347" classname="TestPlan"/>
  <system-out/>
  <testcase name="testBuserSignUp" time="7.584" classname="TestPlan"/>
  <system-out/>
  <testcase name="testEforgotLoginInfo" time="2.328" classname="TestPlan"/>
  <system-out/>
</testsuite> <!-- TestPlan -->
